GC Precious Log:
 CPUs: 8 total, 8 available
 Memory: 7971M
 Large Page Support: Disabled
 NUMA Support: Disabled
 Compressed Oops: Enabled (32-bit)
 Heap Region Size: 1M
 Heap Min Capacity: 8M
 Heap Initial Capacity: 126M
 Heap Max Capacity: 2G
 Pre-touch: Disabled
 Parallel Workers: 8
 Concurrent Workers: 2
 Concurrent Refinement Workers: 8
 Periodic GC: Disabled
Heap:
 garbage-first heap   total 167936K, used 112227K [0x0000000080000000, 0x0000000100000000)
  region size 1024K, 5 young (5120K), 1 survivors (1024K)
 Metaspace       used 98875K, committed 99648K, reserved 1179648K
  class space    used 13613K, committed 14016K, reserved 1048576K
GC Heap History (20 events):
Event: 11.136 GC heap before
{Heap before GC invocations=38 (full 0):
 garbage-first heap   total 167936K, used 127895K [0x0000000080000000, 0x0000000100000000)
  region size 1024K, 61 young (62464K), 1 survivors (1024K)
 Metaspace       used 76055K, committed 76608K, reserved 1179648K
  class space    used 10314K, committed 10560K, reserved 1048576K
}
Event: 11.139 GC heap after
{Heap after GC invocations=39 (full 0):
 garbage-first heap   total 167936K, used 67896K [0x0000000080000000, 0x0000000100000000)
  region size 1024K, 3 young (3072K), 3 survivors (3072K)
 Metaspace       used 76055K, committed 76608K, reserved 1179648K
  class space    used 10314K, committed 10560K, reserved 1048576K
}
Event: 11.942 GC heap before
{Heap before GC invocations=39 (full 0):
 garbage-first heap   total 167936K, used 129336K [0x0000000080000000, 0x0000000100000000)
  region size 1024K, 63 young (64512K), 3 survivors (3072K)
 Metaspace       used 80623K, committed 81280K, reserved 1179648K
  class space    used 11104K, committed 11392K, reserved 1048576K
}
Event: 11.946 GC heap after
{Heap after GC invocations=40 (full 0):
 garbage-first heap   total 167936K, used 70541K [0x0000000080000000, 0x0000000100000000)
  region size 1024K, 6 young (6144K), 6 survivors (6144K)
 Metaspace       used 80623K, committed 81280K, reserved 1179648K
  class space    used 11104K, committed 11392K, reserved 1048576K
}
Event: 12.936 GC heap before
{Heap before GC invocations=40 (full 0):
 garbage-first heap   total 167936K, used 133005K [0x0000000080000000, 0x0000000100000000)
  region size 1024K, 67 young (68608K), 6 survivors (6144K)
 Metaspace       used 85470K, committed 86208K, reserved 1179648K
  class space    used 11863K, committed 12224K, reserved 1048576K
}
Event: 12.943 GC heap after
{Heap after GC invocations=41 (full 0):
 garbage-first heap   total 167936K, used 73977K [0x0000000080000000, 0x0000000100000000)
  region size 1024K, 6 young (6144K), 6 survivors (6144K)
 Metaspace       used 85470K, committed 86208K, reserved 1179648K
  class space    used 11863K, committed 12224K, reserved 1048576K
}
Event: 13.981 GC heap before
{Heap before GC invocations=42 (full 0):
 garbage-first heap   total 167936K, used 133369K [0x0000000080000000, 0x0000000100000000)
  region size 1024K, 65 young (66560K), 6 survivors (6144K)
 Metaspace       used 90615K, committed 91264K, reserved 1179648K
  class space    used 12633K, committed 12928K, reserved 1048576K
}
Event: 13.989 GC heap after
{Heap after GC invocations=43 (full 0):
 garbage-first heap   total 167936K, used 78569K [0x0000000080000000, 0x0000000100000000)
  region size 1024K, 8 young (8192K), 8 survivors (8192K)
 Metaspace       used 90615K, committed 91264K, reserved 1179648K
  class space    used 12633K, committed 12928K, reserved 1048576K
}
Event: 13.998 GC heap before
{Heap before GC invocations=43 (full 0):
 garbage-first heap   total 167936K, used 79593K [0x0000000080000000, 0x0000000100000000)
  region size 1024K, 9 young (9216K), 8 survivors (8192K)
 Metaspace       used 90617K, committed 91264K, reserved 1179648K
  class space    used 12633K, committed 12928K, reserved 1048576K
}
Event: 14.004 GC heap after
{Heap after GC invocations=44 (full 0):
 garbage-first heap   total 167936K, used 79142K [0x0000000080000000, 0x0000000100000000)
  region size 1024K, 2 young (2048K), 2 survivors (2048K)
 Metaspace       used 90617K, committed 91264K, reserved 1179648K
  class space    used 12633K, committed 12928K, reserved 1048576K
}
Event: 14.651 GC heap before
{Heap before GC invocations=44 (full 0):
 garbage-first heap   total 167936K, used 135462K [0x0000000080000000, 0x0000000100000000)
  region size 1024K, 58 young (59392K), 2 survivors (2048K)
 Metaspace       used 91338K, committed 92032K, reserved 1179648K
  class space    used 12696K, committed 12992K, reserved 1048576K
}
Event: 14.655 GC heap after
{Heap after GC invocations=45 (full 0):
 garbage-first heap   total 167936K, used 81262K [0x0000000080000000, 0x0000000100000000)
  region size 1024K, 4 young (4096K), 4 survivors (4096K)
 Metaspace       used 91338K, committed 92032K, reserved 1179648K
  class space    used 12696K, committed 12992K, reserved 1048576K
}
Event: 15.159 GC heap before
{Heap before GC invocations=45 (full 0):
 garbage-first heap   total 167936K, used 136558K [0x0000000080000000, 0x0000000100000000)
  region size 1024K, 59 young (60416K), 4 survivors (4096K)
 Metaspace       used 91823K, committed 92544K, reserved 1179648K
  class space    used 12738K, committed 13056K, reserved 1048576K
}
Event: 15.168 GC heap after
{Heap after GC invocations=46 (full 0):
 garbage-first heap   total 167936K, used 83848K [0x0000000080000000, 0x0000000100000000)
  region size 1024K, 6 young (6144K), 6 survivors (6144K)
 Metaspace       used 91823K, committed 92544K, reserved 1179648K
  class space    used 12738K, committed 13056K, reserved 1048576K
}
Event: 15.446 GC heap before
{Heap before GC invocations=46 (full 0):
 garbage-first heap   total 167936K, used 103304K [0x0000000080000000, 0x0000000100000000)
  region size 1024K, 27 young (27648K), 6 survivors (6144K)
 Metaspace       used 92351K, committed 93056K, reserved 1179648K
  class space    used 12810K, committed 13120K, reserved 1048576K
}
Event: 15.451 GC heap after
{Heap after GC invocations=47 (full 0):
 garbage-first heap   total 167936K, used 85545K [0x0000000080000000, 0x0000000100000000)
  region size 1024K, 5 young (5120K), 5 survivors (5120K)
 Metaspace       used 92351K, committed 93056K, reserved 1179648K
  class space    used 12810K, committed 13120K, reserved 1048576K
}
Event: 16.384 GC heap before
{Heap before GC invocations=48 (full 0):
 garbage-first heap   total 167936K, used 142889K [0x0000000080000000, 0x0000000100000000)
  region size 1024K, 57 young (58368K), 5 survivors (5120K)
 Metaspace       used 98578K, committed 99328K, reserved 1179648K
  class space    used 13574K, committed 13952K, reserved 1048576K
}
Event: 16.389 GC heap after
{Heap after GC invocations=49 (full 0):
 garbage-first heap   total 167936K, used 88217K [0x0000000080000000, 0x0000000100000000)
  region size 1024K, 7 young (7168K), 7 survivors (7168K)
 Metaspace       used 98578K, committed 99328K, reserved 1179648K
  class space    used 13574K, committed 13952K, reserved 1048576K
}
Event: 16.413 GC heap before
{Heap before GC invocations=49 (full 0):
 garbage-first heap   total 167936K, used 98457K [0x0000000080000000, 0x0000000100000000)
  region size 1024K, 8 young (8192K), 7 survivors (7168K)
 Metaspace       used 98653K, committed 99392K, reserved 1179648K
  class space    used 13582K, committed 13952K, reserved 1048576K
}
Event: 16.418 GC heap after
{Heap after GC invocations=50 (full 0):
 garbage-first heap   total 167936K, used 98915K [0x0000000080000000, 0x0000000100000000)
  region size 1024K, 1 young (1024K), 1 survivors (1024K)
 Metaspace       used 98653K, committed 99392K, reserved 1179648K
  class space    used 13582K, committed 13952K, reserved 1048576K
}

