# JRE version: OpenJDK Runtime Environment (17.0.11) (build 17.0.11+0--11852314)
# Java VM: OpenJDK 64-Bit Server VM (17.0.11+0--11852314, mixed mode, tiered, compressed oops, compressed class ptrs, g1 gc, windows-amd64)
GC Precious Log:
 CPUs: 8 total, 8 available
 Memory: 7971M
 Large Page Support: Disabled
 NUMA Support: Disabled
 Compressed Oops: Enabled (32-bit)
 Heap Region Size: 1M
 Heap Min Capacity: 8M
 Heap Initial Capacity: 126M
 Heap Max Capacity: 2G
 Pre-touch: Disabled
 Parallel Workers: 8
 Concurrent Workers: 2
 Concurrent Refinement Workers: 8
 Periodic GC: Disabled
Heap:
 garbage-first heap   total 211968K, used 134875K [0x0000000080000000, 0x0000000100000000)
  region size 1024K, 26 young (26624K), 1 survivors (1024K)
 Metaspace       used 129160K, committed 130048K, reserved 1179648K
  class space    used 17841K, committed 18240K, reserved 1048576K
GC Heap History (20 events):
Event: 164.147 GC heap before
{Heap before GC invocations=33 (full 0):
 garbage-first heap   total 211968K, used 91618K [0x0000000080000000, 0x0000000100000000)
  region size 1024K, 13 young (13312K), 12 survivors (12288K)
 Metaspace       used 94718K, committed 95424K, reserved 1179648K
  class space    used 13063K, committed 13376K, reserved 1048576K
}
Event: 164.156 GC heap after
{Heap after GC invocations=34 (full 0):
 garbage-first heap   total 211968K, used 92440K [0x0000000080000000, 0x0000000100000000)
  region size 1024K, 2 young (2048K), 2 survivors (2048K)
 Metaspace       used 94718K, committed 95424K, reserved 1179648K
  class space    used 13063K, committed 13376K, reserved 1048576K
}
Event: 164.174 GC heap before
{Heap before GC invocations=34 (full 0):
 garbage-first heap   total 211968K, used 93464K [0x0000000080000000, 0x0000000100000000)
  region size 1024K, 5 young (5120K), 2 survivors (2048K)
 Metaspace       used 94821K, committed 95552K, reserved 1179648K
  class space    used 13084K, committed 13440K, reserved 1048576K
}
Event: 164.175 GC heap after
{Heap after GC invocations=35 (full 0):
 garbage-first heap   total 211968K, used 91416K [0x0000000080000000, 0x0000000100000000)
  region size 1024K, 1 young (1024K), 1 survivors (1024K)
 Metaspace       used 94821K, committed 95552K, reserved 1179648K
  class space    used 13084K, committed 13440K, reserved 1048576K
}
Event: 165.060 GC heap before
{Heap before GC invocations=36 (full 0):
 garbage-first heap   total 211968K, used 194840K [0x0000000080000000, 0x0000000100000000)
  region size 1024K, 79 young (80896K), 1 survivors (1024K)
 Metaspace       used 99871K, committed 100672K, reserved 1179648K
  class space    used 13566K, committed 13952K, reserved 1048576K
}
Event: 165.064 GC heap after
{Heap after GC invocations=37 (full 0):
 garbage-first heap   total 211968K, used 92285K [0x0000000080000000, 0x0000000100000000)
  region size 1024K, 2 young (2048K), 2 survivors (2048K)
 Metaspace       used 99871K, committed 100672K, reserved 1179648K
  class space    used 13566K, committed 13952K, reserved 1048576K
}
Event: 165.108 GC heap before
{Heap before GC invocations=37 (full 0):
 garbage-first heap   total 211968K, used 99453K [0x0000000080000000, 0x0000000100000000)
  region size 1024K, 10 young (10240K), 2 survivors (2048K)
 Metaspace       used 100368K, committed 101184K, reserved 1179648K
  class space    used 13622K, committed 14016K, reserved 1048576K
}
Event: 165.111 GC heap after
{Heap after GC invocations=38 (full 0):
 garbage-first heap   total 211968K, used 90801K [0x0000000080000000, 0x0000000100000000)
  region size 1024K, 1 young (1024K), 1 survivors (1024K)
 Metaspace       used 100368K, committed 101184K, reserved 1179648K
  class space    used 13622K, committed 14016K, reserved 1048576K
}
Event: 167.749 GC heap before
{Heap before GC invocations=38 (full 0):
 garbage-first heap   total 211968K, used 172721K [0x0000000080000000, 0x0000000100000000)
  region size 1024K, 82 young (83968K), 1 survivors (1024K)
 Metaspace       used 105298K, committed 106112K, reserved 1179648K
  class space    used 14269K, committed 14656K, reserved 1048576K
}
Event: 167.757 GC heap after
{Heap after GC invocations=39 (full 0):
 garbage-first heap   total 211968K, used 98970K [0x0000000080000000, 0x0000000100000000)
  region size 1024K, 9 young (9216K), 9 survivors (9216K)
 Metaspace       used 105298K, committed 106112K, reserved 1179648K
  class space    used 14269K, committed 14656K, reserved 1048576K
}
Event: 168.512 GC heap before
{Heap before GC invocations=40 (full 0):
 garbage-first heap   total 211968K, used 172668K [0x0000000080000000, 0x0000000100000000)
  region size 1024K, 80 young (81920K), 9 survivors (9216K)
 Metaspace       used 112570K, committed 113344K, reserved 1179648K
  class space    used 15204K, committed 15552K, reserved 1048576K
}
Event: 168.521 GC heap after
{Heap after GC invocations=41 (full 0):
 garbage-first heap   total 211968K, used 107546K [0x0000000080000000, 0x0000000100000000)
  region size 1024K, 9 young (9216K), 9 survivors (9216K)
 Metaspace       used 112570K, committed 113344K, reserved 1179648K
  class space    used 15204K, committed 15552K, reserved 1048576K
}
Event: 168.533 GC heap before
{Heap before GC invocations=41 (full 0):
 garbage-first heap   total 211968K, used 107546K [0x0000000080000000, 0x0000000100000000)
  region size 1024K, 10 young (10240K), 9 survivors (9216K)
 Metaspace       used 112573K, committed 113344K, reserved 1179648K
  class space    used 15205K, committed 15552K, reserved 1048576K
}
Event: 168.541 GC heap after
{Heap after GC invocations=42 (full 0):
 garbage-first heap   total 211968K, used 107473K [0x0000000080000000, 0x0000000100000000)
  region size 1024K, 2 young (2048K), 2 survivors (2048K)
 Metaspace       used 112573K, committed 113344K, reserved 1179648K
  class space    used 15205K, committed 15552K, reserved 1048576K
}
Event: 169.509 GC heap before
{Heap before GC invocations=42 (full 0):
 garbage-first heap   total 211968K, used 167889K [0x0000000080000000, 0x0000000100000000)
  region size 1024K, 62 young (63488K), 2 survivors (2048K)
 Metaspace       used 117844K, committed 118656K, reserved 1179648K
  class space    used 15946K, committed 16320K, reserved 1048576K
}
Event: 169.515 GC heap after
{Heap after GC invocations=43 (full 0):
 garbage-first heap   total 211968K, used 112278K [0x0000000080000000, 0x0000000100000000)
  region size 1024K, 6 young (6144K), 6 survivors (6144K)
 Metaspace       used 117844K, committed 118656K, reserved 1179648K
  class space    used 15946K, committed 16320K, reserved 1048576K
}
Event: 170.494 GC heap before
{Heap before GC invocations=44 (full 0):
 garbage-first heap   total 211968K, used 169622K [0x0000000080000000, 0x0000000100000000)
  region size 1024K, 63 young (64512K), 6 survivors (6144K)
 Metaspace       used 125412K, committed 126144K, reserved 1179648K
  class space    used 17063K, committed 17408K, reserved 1048576K
}
Event: 170.499 GC heap after
{Heap after GC invocations=45 (full 0):
 garbage-first heap   total 211968K, used 113988K [0x0000000080000000, 0x0000000100000000)
  region size 1024K, 3 young (3072K), 3 survivors (3072K)
 Metaspace       used 125412K, committed 126144K, reserved 1179648K
  class space    used 17063K, committed 17408K, reserved 1048576K
}
Event: 170.627 GC heap before
{Heap before GC invocations=45 (full 0):
 garbage-first heap   total 211968K, used 121156K [0x0000000080000000, 0x0000000100000000)
  region size 1024K, 10 young (10240K), 3 survivors (3072K)
 Metaspace       used 126368K, committed 127232K, reserved 1179648K
  class space    used 17243K, committed 17664K, reserved 1048576K
}
Event: 170.631 GC heap after
{Heap after GC invocations=46 (full 0):
 garbage-first heap   total 211968K, used 111323K [0x0000000080000000, 0x0000000100000000)
  region size 1024K, 1 young (1024K), 1 survivors (1024K)
 Metaspace       used 126368K, committed 127232K, reserved 1179648K
  class space    used 17243K, committed 17664K, reserved 1048576K
}

