# JRE version: OpenJDK Runtime Environment (17.0.11) (build 17.0.11+0--11852314)
# Java VM: OpenJDK 64-Bit Server VM (17.0.11+0--11852314, mixed mode, tiered, compressed oops, compressed class ptrs, g1 gc, windows-amd64)
GC Precious Log:
 CPUs: 8 total, 8 available
 Memory: 7971M
 Large Page Support: Disabled
 NUMA Support: Disabled
 Compressed Oops: Enabled (32-bit)
 Heap Region Size: 1M
 Heap Min Capacity: 8M
 Heap Initial Capacity: 126M
 Heap Max Capacity: 2G
 Pre-touch: Disabled
 Parallel Workers: 8
 Concurrent Workers: 2
 Concurrent Refinement Workers: 8
 Periodic GC: Disabled
Heap:
 garbage-first heap   total 160768K, used 102649K [0x0000000080000000, 0x0000000100000000)
  region size 1024K, 11 young (11264K), 5 survivors (5120K)
 Metaspace       used 99172K, committed 99968K, reserved 1179648K
  class space    used 13683K, committed 14080K, reserved 1048576K
GC Heap History (20 events):
Event: 9.060 GC heap before
{Heap before GC invocations=32 (full 0):
 garbage-first heap   total 122880K, used 99913K [0x0000000080000000, 0x0000000100000000)
  region size 1024K, 35 young (35840K), 3 survivors (3072K)
 Metaspace       used 79050K, committed 79616K, reserved 1179648K
  class space    used 10885K, committed 11136K, reserved 1048576K
}
Event: 9.064 GC heap after
{Heap after GC invocations=33 (full 0):
 garbage-first heap   total 122880K, used 68527K [0x0000000080000000, 0x0000000100000000)
  region size 1024K, 4 young (4096K), 4 survivors (4096K)
 Metaspace       used 79050K, committed 79616K, reserved 1179648K
  class space    used 10885K, committed 11136K, reserved 1048576K
}
Event: 9.451 GC heap before
{Heap before GC invocations=34 (full 0):
 garbage-first heap   total 124928K, used 100271K [0x0000000080000000, 0x0000000100000000)
  region size 1024K, 35 young (35840K), 4 survivors (4096K)
 Metaspace       used 81645K, committed 82304K, reserved 1179648K
  class space    used 11266K, committed 11584K, reserved 1048576K
}
Event: 9.456 GC heap after
{Heap after GC invocations=35 (full 0):
 garbage-first heap   total 124928K, used 70302K [0x0000000080000000, 0x0000000100000000)
  region size 1024K, 5 young (5120K), 5 survivors (5120K)
 Metaspace       used 81645K, committed 82304K, reserved 1179648K
  class space    used 11266K, committed 11584K, reserved 1048576K
}
Event: 9.806 GC heap before
{Heap before GC invocations=35 (full 0):
 garbage-first heap   total 124928K, used 102046K [0x0000000080000000, 0x0000000100000000)
  region size 1024K, 36 young (36864K), 5 survivors (5120K)
 Metaspace       used 83904K, committed 84544K, reserved 1179648K
  class space    used 11608K, committed 11904K, reserved 1048576K
}
Event: 9.810 GC heap after
{Heap after GC invocations=36 (full 0):
 garbage-first heap   total 150528K, used 72084K [0x0000000080000000, 0x0000000100000000)
  region size 1024K, 4 young (4096K), 4 survivors (4096K)
 Metaspace       used 83904K, committed 84544K, reserved 1179648K
  class space    used 11608K, committed 11904K, reserved 1048576K
}
Event: 10.340 GC heap before
{Heap before GC invocations=37 (full 0):
 garbage-first heap   total 150528K, used 122260K [0x0000000080000000, 0x0000000100000000)
  region size 1024K, 53 young (54272K), 4 survivors (4096K)
 Metaspace       used 88148K, committed 88896K, reserved 1179648K
  class space    used 12215K, committed 12544K, reserved 1048576K
}
Event: 10.346 GC heap after
{Heap after GC invocations=38 (full 0):
 garbage-first heap   total 150528K, used 75115K [0x0000000080000000, 0x0000000100000000)
  region size 1024K, 7 young (7168K), 7 survivors (7168K)
 Metaspace       used 88148K, committed 88896K, reserved 1179648K
  class space    used 12215K, committed 12544K, reserved 1048576K
}
Event: 10.925 GC heap before
{Heap before GC invocations=38 (full 0):
 garbage-first heap   total 150528K, used 122219K [0x0000000080000000, 0x0000000100000000)
  region size 1024K, 54 young (55296K), 7 survivors (7168K)
 Metaspace       used 90632K, committed 91328K, reserved 1179648K
  class space    used 12633K, committed 12928K, reserved 1048576K
}
Event: 10.932 GC heap after
{Heap after GC invocations=39 (full 0):
 garbage-first heap   total 150528K, used 78472K [0x0000000080000000, 0x0000000100000000)
  region size 1024K, 7 young (7168K), 7 survivors (7168K)
 Metaspace       used 90632K, committed 91328K, reserved 1179648K
  class space    used 12633K, committed 12928K, reserved 1048576K
}
Event: 11.424 GC heap before
{Heap before GC invocations=40 (full 0):
 garbage-first heap   total 150528K, used 124552K [0x0000000080000000, 0x0000000100000000)
  region size 1024K, 52 young (53248K), 7 survivors (7168K)
 Metaspace       used 91255K, committed 91968K, reserved 1179648K
  class space    used 12685K, committed 12992K, reserved 1048576K
}
Event: 11.430 GC heap after
{Heap after GC invocations=41 (full 0):
 garbage-first heap   total 150528K, used 81461K [0x0000000080000000, 0x0000000100000000)
  region size 1024K, 7 young (7168K), 7 survivors (7168K)
 Metaspace       used 91255K, committed 91968K, reserved 1179648K
  class space    used 12685K, committed 12992K, reserved 1048576K
}
Event: 11.801 GC heap before
{Heap before GC invocations=41 (full 0):
 garbage-first heap   total 150528K, used 123445K [0x0000000080000000, 0x0000000100000000)
  region size 1024K, 49 young (50176K), 7 survivors (7168K)
 Metaspace       used 91750K, committed 92416K, reserved 1179648K
  class space    used 12736K, committed 13056K, reserved 1048576K
}
Event: 11.810 GC heap after
{Heap after GC invocations=42 (full 0):
 garbage-first heap   total 150528K, used 83237K [0x0000000080000000, 0x0000000100000000)
  region size 1024K, 6 young (6144K), 6 survivors (6144K)
 Metaspace       used 91750K, committed 92416K, reserved 1179648K
  class space    used 12736K, committed 13056K, reserved 1048576K
}
Event: 12.077 GC heap before
{Heap before GC invocations=43 (full 0):
 garbage-first heap   total 158720K, used 106789K [0x0000000080000000, 0x0000000100000000)
  region size 1024K, 31 young (31744K), 6 survivors (6144K)
 Metaspace       used 92298K, committed 93056K, reserved 1179648K
  class space    used 12817K, committed 13184K, reserved 1048576K
}
Event: 12.081 GC heap after
{Heap after GC invocations=44 (full 0):
 garbage-first heap   total 158720K, used 85215K [0x0000000080000000, 0x0000000100000000)
  region size 1024K, 5 young (5120K), 5 survivors (5120K)
 Metaspace       used 92298K, committed 93056K, reserved 1179648K
  class space    used 12817K, committed 13184K, reserved 1048576K
}
Event: 12.591 GC heap before
{Heap before GC invocations=45 (full 0):
 garbage-first heap   total 160768K, used 135391K [0x0000000080000000, 0x0000000100000000)
  region size 1024K, 50 young (51200K), 5 survivors (5120K)
 Metaspace       used 97851K, committed 98560K, reserved 1179648K
  class space    used 13474K, committed 13824K, reserved 1048576K
}
Event: 12.597 GC heap after
{Heap after GC invocations=46 (full 0):
 garbage-first heap   total 160768K, used 87554K [0x0000000080000000, 0x0000000100000000)
  region size 1024K, 7 young (7168K), 7 survivors (7168K)
 Metaspace       used 97851K, committed 98560K, reserved 1179648K
  class space    used 13474K, committed 13824K, reserved 1048576K
}
Event: 12.810 GC heap before
{Heap before GC invocations=46 (full 0):
 garbage-first heap   total 160768K, used 95746K [0x0000000080000000, 0x0000000100000000)
  region size 1024K, 17 young (17408K), 7 survivors (7168K)
 Metaspace       used 98879K, committed 99712K, reserved 1179648K
  class space    used 13629K, committed 14016K, reserved 1048576K
}
Event: 12.815 GC heap after
{Heap after GC invocations=47 (full 0):
 garbage-first heap   total 160768K, used 88313K [0x0000000080000000, 0x0000000100000000)
  region size 1024K, 5 young (5120K), 5 survivors (5120K)
 Metaspace       used 98879K, committed 99712K, reserved 1179648K
  class space    used 13629K, committed 14016K, reserved 1048576K
}

