# JRE version: OpenJDK Runtime Environment (17.0.11) (build 17.0.11+0--11852314)
# Java VM: OpenJDK 64-Bit Server VM (17.0.11+0--11852314, mixed mode, tiered, compressed oops, compressed class ptrs, g1 gc, windows-amd64)
GC Precious Log:
 CPUs: 8 total, 8 available
 Memory: 7971M
 Large Page Support: Disabled
 NUMA Support: Disabled
 Compressed Oops: Enabled (32-bit)
 Heap Region Size: 1M
 Heap Min Capacity: 8M
 Heap Initial Capacity: 126M
 Heap Max Capacity: 2G
 Pre-touch: Disabled
 Parallel Workers: 8
 Concurrent Workers: 2
 Concurrent Refinement Workers: 8
 Periodic GC: Disabled
Heap:
 garbage-first heap   total 129024K, used 67238K [0x0000000080000000, 0x0000000100000000)
  region size 1024K, 2 young (2048K), 2 survivors (2048K)
 Metaspace       used 74584K, committed 75200K, reserved 1114112K
  class space    used 10045K, committed 10304K, reserved 1048576K
GC Heap History (20 events):
Event: 7.987 GC heap after
{Heap after GC invocations=22 (full 0):
 garbage-first heap   total 94208K, used 53137K [0x0000000080000000, 0x0000000100000000)
  region size 1024K, 2 young (2048K), 2 survivors (2048K)
 Metaspace       used 59003K, committed 59520K, reserved 1114112K
  class space    used 7972K, committed 8192K, reserved 1048576K
}
Event: 8.209 GC heap before
{Heap before GC invocations=23 (full 0):
 garbage-first heap   total 99328K, used 70545K [0x0000000080000000, 0x0000000100000000)
  region size 1024K, 18 young (18432K), 2 survivors (2048K)
 Metaspace       used 60271K, committed 60800K, reserved 1114112K
  class space    used 8149K, committed 8384K, reserved 1048576K
}
Event: 8.210 GC heap after
{Heap after GC invocations=24 (full 0):
 garbage-first heap   total 99328K, used 54344K [0x0000000080000000, 0x0000000100000000)
  region size 1024K, 2 young (2048K), 2 survivors (2048K)
 Metaspace       used 60271K, committed 60800K, reserved 1114112K
  class space    used 8149K, committed 8384K, reserved 1048576K
}
Event: 8.488 GC heap before
{Heap before GC invocations=24 (full 0):
 garbage-first heap   total 99328K, used 74824K [0x0000000080000000, 0x0000000100000000)
  region size 1024K, 22 young (22528K), 2 survivors (2048K)
 Metaspace       used 62048K, committed 62592K, reserved 1114112K
  class space    used 8368K, committed 8640K, reserved 1048576K
}
Event: 8.490 GC heap after
{Heap after GC invocations=25 (full 0):
 garbage-first heap   total 99328K, used 55313K [0x0000000080000000, 0x0000000100000000)
  region size 1024K, 2 young (2048K), 2 survivors (2048K)
 Metaspace       used 62048K, committed 62592K, reserved 1114112K
  class space    used 8368K, committed 8640K, reserved 1048576K
}
Event: 8.788 GC heap before
{Heap before GC invocations=26 (full 0):
 garbage-first heap   total 101376K, used 75793K [0x0000000080000000, 0x0000000100000000)
  region size 1024K, 23 young (23552K), 2 survivors (2048K)
 Metaspace       used 64547K, committed 65088K, reserved 1114112K
  class space    used 8661K, committed 8896K, reserved 1048576K
}
Event: 8.790 GC heap after
{Heap after GC invocations=27 (full 0):
 garbage-first heap   total 101376K, used 55600K [0x0000000080000000, 0x0000000100000000)
  region size 1024K, 2 young (2048K), 2 survivors (2048K)
 Metaspace       used 64547K, committed 65088K, reserved 1114112K
  class space    used 8661K, committed 8896K, reserved 1048576K
}
Event: 8.817 GC heap before
{Heap before GC invocations=27 (full 0):
 garbage-first heap   total 101376K, used 57648K [0x0000000080000000, 0x0000000100000000)
  region size 1024K, 4 young (4096K), 2 survivors (2048K)
 Metaspace       used 64685K, committed 65216K, reserved 1114112K
  class space    used 8679K, committed 8896K, reserved 1048576K
}
Event: 8.819 GC heap after
{Heap after GC invocations=28 (full 0):
 garbage-first heap   total 121856K, used 55133K [0x0000000080000000, 0x0000000100000000)
  region size 1024K, 1 young (1024K), 1 survivors (1024K)
 Metaspace       used 64685K, committed 65216K, reserved 1114112K
  class space    used 8679K, committed 8896K, reserved 1048576K
}
Event: 9.255 GC heap before
{Heap before GC invocations=28 (full 0):
 garbage-first heap   total 121856K, used 78685K [0x0000000080000000, 0x0000000100000000)
  region size 1024K, 25 young (25600K), 1 survivors (1024K)
 Metaspace       used 67915K, committed 68480K, reserved 1114112K
  class space    used 9136K, committed 9408K, reserved 1048576K
}
Event: 9.257 GC heap after
{Heap after GC invocations=29 (full 0):
 garbage-first heap   total 121856K, used 57207K [0x0000000080000000, 0x0000000100000000)
  region size 1024K, 3 young (3072K), 3 survivors (3072K)
 Metaspace       used 67915K, committed 68480K, reserved 1114112K
  class space    used 9136K, committed 9408K, reserved 1048576K
}
Event: 9.674 GC heap before
{Heap before GC invocations=30 (full 0):
 garbage-first heap   total 121856K, used 98167K [0x0000000080000000, 0x0000000100000000)
  region size 1024K, 38 young (38912K), 3 survivors (3072K)
 Metaspace       used 69809K, committed 70336K, reserved 1114112K
  class space    used 9395K, committed 9664K, reserved 1048576K
}
Event: 9.678 GC heap after
{Heap after GC invocations=31 (full 0):
 garbage-first heap   total 121856K, used 61372K [0x0000000080000000, 0x0000000100000000)
  region size 1024K, 5 young (5120K), 5 survivors (5120K)
 Metaspace       used 69809K, committed 70336K, reserved 1114112K
  class space    used 9395K, committed 9664K, reserved 1048576K
}
Event: 9.691 GC heap before
{Heap before GC invocations=31 (full 0):
 garbage-first heap   total 121856K, used 62396K [0x0000000080000000, 0x0000000100000000)
  region size 1024K, 6 young (6144K), 5 survivors (5120K)
 Metaspace       used 69870K, committed 70400K, reserved 1114112K
  class space    used 9405K, committed 9664K, reserved 1048576K
}
Event: 9.695 GC heap after
{Heap after GC invocations=32 (full 0):
 garbage-first heap   total 121856K, used 61641K [0x0000000080000000, 0x0000000100000000)
  region size 1024K, 1 young (1024K), 1 survivors (1024K)
 Metaspace       used 69870K, committed 70400K, reserved 1114112K
  class space    used 9405K, committed 9664K, reserved 1048576K
}
Event: 10.149 GC heap before
{Heap before GC invocations=32 (full 0):
 garbage-first heap   total 121856K, used 95433K [0x0000000080000000, 0x0000000100000000)
  region size 1024K, 34 young (34816K), 1 survivors (1024K)
 Metaspace       used 72111K, committed 72704K, reserved 1114112K
  class space    used 9713K, committed 9984K, reserved 1048576K
}
Event: 10.151 GC heap after
{Heap after GC invocations=33 (full 0):
 garbage-first heap   total 121856K, used 62872K [0x0000000080000000, 0x0000000100000000)
  region size 1024K, 2 young (2048K), 2 survivors (2048K)
 Metaspace       used 72111K, committed 72704K, reserved 1114112K
  class space    used 9713K, committed 9984K, reserved 1048576K
}
Event: 10.454 GC heap before
{Heap before GC invocations=34 (full 0):
 garbage-first heap   total 121856K, used 96664K [0x0000000080000000, 0x0000000100000000)
  region size 1024K, 35 young (35840K), 2 survivors (2048K)
 Metaspace       used 72295K, committed 72896K, reserved 1114112K
  class space    used 9732K, committed 9984K, reserved 1048576K
}
Event: 10.457 GC heap after
{Heap after GC invocations=35 (full 0):
 garbage-first heap   total 121856K, used 65716K [0x0000000080000000, 0x0000000100000000)
  region size 1024K, 5 young (5120K), 5 survivors (5120K)
 Metaspace       used 72295K, committed 72896K, reserved 1114112K
  class space    used 9732K, committed 9984K, reserved 1048576K
}
Event: 10.825 GC heap before
{Heap before GC invocations=35 (full 0):
 garbage-first heap   total 121856K, used 99508K [0x0000000080000000, 0x0000000100000000)
  region size 1024K, 37 young (37888K), 5 survivors (5120K)
 Metaspace       used 74584K, committed 75200K, reserved 1114112K
  class space    used 10045K, committed 10304K, reserved 1048576K
}

