# JRE version: OpenJDK Runtime Environment (17.0.11) (build 17.0.11+0--11852314)
# Java VM: OpenJDK 64-Bit Server VM (17.0.11+0--11852314, mixed mode, tiered, compressed oops, compressed class ptrs, g1 gc, windows-amd64)
GC Precious Log:
 CPUs: 8 total, 8 available
 Memory: 7971M
 Large Page Support: Disabled
 NUMA Support: Disabled
 Compressed Oops: Enabled (32-bit)
 Heap Region Size: 1M
 Heap Min Capacity: 8M
 Heap Initial Capacity: 126M
 Heap Max Capacity: 2G
 Pre-touch: Disabled
 Parallel Workers: 8
 Concurrent Workers: 2
 Concurrent Refinement Workers: 8
 Periodic GC: Disabled
Heap:
 garbage-first heap   total 174080K, used 120109K [0x0000000080000000, 0x0000000100000000)
  region size 1024K, 58 young (59392K), 7 survivors (7168K)
 Metaspace       used 84312K, committed 84928K, reserved 1179648K
  class space    used 11692K, committed 11968K, reserved 1048576K
GC Heap History (20 events):
Event: 8.034 GC heap before
{Heap before GC invocations=18 (full 0):
 garbage-first heap   total 86016K, used 73963K [0x0000000080000000, 0x0000000100000000)
  region size 1024K, 27 young (27648K), 2 survivors (2048K)
 Metaspace       used 59025K, committed 59584K, reserved 1114112K
  class space    used 7991K, committed 8256K, reserved 1048576K
}
Event: 8.036 GC heap after
{Heap after GC invocations=19 (full 0):
 garbage-first heap   total 86016K, used 54422K [0x0000000080000000, 0x0000000100000000)
  region size 1024K, 4 young (4096K), 4 survivors (4096K)
 Metaspace       used 59025K, committed 59584K, reserved 1114112K
  class space    used 7991K, committed 8256K, reserved 1048576K
}
Event: 8.049 GC heap before
{Heap before GC invocations=19 (full 0):
 garbage-first heap   total 86016K, used 55446K [0x0000000080000000, 0x0000000100000000)
  region size 1024K, 5 young (5120K), 4 survivors (4096K)
 Metaspace       used 59087K, committed 59648K, reserved 1114112K
  class space    used 8001K, committed 8256K, reserved 1048576K
}
Event: 8.051 GC heap after
{Heap after GC invocations=20 (full 0):
 garbage-first heap   total 86016K, used 54008K [0x0000000080000000, 0x0000000100000000)
  region size 1024K, 1 young (1024K), 1 survivors (1024K)
 Metaspace       used 59087K, committed 59648K, reserved 1114112K
  class space    used 8001K, committed 8256K, reserved 1048576K
}
Event: 8.301 GC heap before
{Heap before GC invocations=20 (full 0):
 garbage-first heap   total 86016K, used 69368K [0x0000000080000000, 0x0000000100000000)
  region size 1024K, 17 young (17408K), 1 survivors (1024K)
 Metaspace       used 60406K, committed 60992K, reserved 1114112K
  class space    used 8180K, committed 8448K, reserved 1048576K
}
Event: 8.303 GC heap after
{Heap after GC invocations=21 (full 0):
 garbage-first heap   total 86016K, used 54269K [0x0000000080000000, 0x0000000100000000)
  region size 1024K, 1 young (1024K), 1 survivors (1024K)
 Metaspace       used 60406K, committed 60992K, reserved 1114112K
  class space    used 8180K, committed 8448K, reserved 1048576K
}
Event: 8.587 GC heap before
{Heap before GC invocations=22 (full 0):
 garbage-first heap   total 101376K, used 69629K [0x0000000080000000, 0x0000000100000000)
  region size 1024K, 17 young (17408K), 1 survivors (1024K)
 Metaspace       used 61755K, committed 62336K, reserved 1114112K
  class space    used 8356K, committed 8640K, reserved 1048576K
}
Event: 8.590 GC heap after
{Heap after GC invocations=23 (full 0):
 garbage-first heap   total 101376K, used 54714K [0x0000000080000000, 0x0000000100000000)
  region size 1024K, 1 young (1024K), 1 survivors (1024K)
 Metaspace       used 61755K, committed 62336K, reserved 1114112K
  class space    used 8356K, committed 8640K, reserved 1048576K
}
Event: 8.629 GC heap before
{Heap before GC invocations=23 (full 0):
 garbage-first heap   total 101376K, used 56762K [0x0000000080000000, 0x0000000100000000)
  region size 1024K, 4 young (4096K), 1 survivors (1024K)
 Metaspace       used 62039K, committed 62592K, reserved 1114112K
  class space    used 8386K, committed 8640K, reserved 1048576K
}
Event: 8.631 GC heap after
{Heap after GC invocations=24 (full 0):
 garbage-first heap   total 101376K, used 55047K [0x0000000080000000, 0x0000000100000000)
  region size 1024K, 1 young (1024K), 1 survivors (1024K)
 Metaspace       used 62039K, committed 62592K, reserved 1114112K
  class space    used 8386K, committed 8640K, reserved 1048576K
}
Event: 9.000 GC heap before
{Heap before GC invocations=24 (full 0):
 garbage-first heap   total 101376K, used 80647K [0x0000000080000000, 0x0000000100000000)
  region size 1024K, 27 young (27648K), 1 survivors (1024K)
 Metaspace       used 65059K, committed 65600K, reserved 1114112K
  class space    used 8734K, committed 8960K, reserved 1048576K
}
Event: 9.003 GC heap after
{Heap after GC invocations=25 (full 0):
 garbage-first heap   total 174080K, used 55367K [0x0000000080000000, 0x0000000100000000)
  region size 1024K, 1 young (1024K), 1 survivors (1024K)
 Metaspace       used 65059K, committed 65600K, reserved 1114112K
  class space    used 8734K, committed 8960K, reserved 1048576K
}
Event: 10.174 GC heap before
{Heap before GC invocations=26 (full 0):
 garbage-first heap   total 174080K, used 139335K [0x0000000080000000, 0x0000000100000000)
  region size 1024K, 78 young (79872K), 1 survivors (1024K)
 Metaspace       used 71416K, committed 72000K, reserved 1114112K
  class space    used 9615K, committed 9856K, reserved 1048576K
}
Event: 10.179 GC heap after
{Heap after GC invocations=27 (full 0):
 garbage-first heap   total 174080K, used 62622K [0x0000000080000000, 0x0000000100000000)
  region size 1024K, 7 young (7168K), 7 survivors (7168K)
 Metaspace       used 71416K, committed 72000K, reserved 1114112K
  class space    used 9615K, committed 9856K, reserved 1048576K
}
Event: 10.199 GC heap before
{Heap before GC invocations=27 (full 0):
 garbage-first heap   total 174080K, used 63646K [0x0000000080000000, 0x0000000100000000)
  region size 1024K, 8 young (8192K), 7 survivors (7168K)
 Metaspace       used 71496K, committed 72128K, reserved 1114112K
  class space    used 9624K, committed 9920K, reserved 1048576K
}
Event: 10.205 GC heap after
{Heap after GC invocations=28 (full 0):
 garbage-first heap   total 174080K, used 62904K [0x0000000080000000, 0x0000000100000000)
  region size 1024K, 1 young (1024K), 1 survivors (1024K)
 Metaspace       used 71496K, committed 72128K, reserved 1114112K
  class space    used 9624K, committed 9920K, reserved 1048576K
}
Event: 11.126 GC heap before
{Heap before GC invocations=28 (full 0):
 garbage-first heap   total 174080K, used 131512K [0x0000000080000000, 0x0000000100000000)
  region size 1024K, 68 young (69632K), 1 survivors (1024K)
 Metaspace       used 73996K, committed 74560K, reserved 1114112K
  class space    used 9976K, committed 10240K, reserved 1048576K
}
Event: 11.130 GC heap after
{Heap after GC invocations=29 (full 0):
 garbage-first heap   total 174080K, used 66505K [0x0000000080000000, 0x0000000100000000)
  region size 1024K, 5 young (5120K), 5 survivors (5120K)
 Metaspace       used 73996K, committed 74560K, reserved 1114112K
  class space    used 9976K, committed 10240K, reserved 1048576K
}
Event: 12.244 GC heap before
{Heap before GC invocations=29 (full 0):
 garbage-first heap   total 174080K, used 134089K [0x0000000080000000, 0x0000000100000000)
  region size 1024K, 71 young (72704K), 5 survivors (5120K)
 Metaspace       used 78804K, committed 79424K, reserved 1179648K
  class space    used 10847K, committed 11136K, reserved 1048576K
}
Event: 12.249 GC heap after
{Heap after GC invocations=30 (full 0):
 garbage-first heap   total 174080K, used 68909K [0x0000000080000000, 0x0000000100000000)
  region size 1024K, 7 young (7168K), 7 survivors (7168K)
 Metaspace       used 78804K, committed 79424K, reserved 1179648K
  class space    used 10847K, committed 11136K, reserved 1048576K
}

