# JRE version: OpenJDK Runtime Environment (17.0.11) (build 17.0.11+0--11852314)
# Java VM: OpenJDK 64-Bit Server VM (17.0.11+0--11852314, mixed mode, tiered, compressed oops, compressed class ptrs, g1 gc, windows-amd64)
GC Precious Log:
 CPUs: 8 total, 8 available
 Memory: 7971M
 Large Page Support: Disabled
 NUMA Support: Disabled
 Compressed Oops: Enabled (32-bit)
 Heap Region Size: 1M
 Heap Min Capacity: 8M
 Heap Initial Capacity: 126M
 Heap Max Capacity: 2G
 Pre-touch: Disabled
 Parallel Workers: 8
 Concurrent Workers: 2
 Concurrent Refinement Workers: 8
 Periodic GC: Disabled
Heap:
 garbage-first heap   total 152576K, used 94759K [0x0000000080000000, 0x0000000100000000)
  region size 1024K, 9 young (9216K), 4 survivors (4096K)
 Metaspace       used 93479K, committed 94208K, reserved 1179648K
  class space    used 12887K, committed 13248K, reserved 1048576K
GC Heap History (20 events):
Event: 8.556 GC heap before
{Heap before GC invocations=26 (full 0):
 garbage-first heap   total 144384K, used 108860K [0x0000000080000000, 0x0000000100000000)
  region size 1024K, 48 young (49152K), 2 survivors (2048K)
 Metaspace       used 72307K, committed 72832K, reserved 1114112K
  class space    used 9750K, committed 9984K, reserved 1048576K
}
Event: 8.561 GC heap after
{Heap after GC invocations=27 (full 0):
 garbage-first heap   total 144384K, used 65320K [0x0000000080000000, 0x0000000100000000)
  region size 1024K, 6 young (6144K), 6 survivors (6144K)
 Metaspace       used 72307K, committed 72832K, reserved 1114112K
  class space    used 9750K, committed 9984K, reserved 1048576K
}
Event: 9.060 GC heap before
{Heap before GC invocations=27 (full 0):
 garbage-first heap   total 144384K, used 110376K [0x0000000080000000, 0x0000000100000000)
  region size 1024K, 50 young (51200K), 6 survivors (6144K)
 Metaspace       used 75522K, committed 76160K, reserved 1179648K
  class space    used 10200K, committed 10496K, reserved 1048576K
}
Event: 9.065 GC heap after
{Heap after GC invocations=28 (full 0):
 garbage-first heap   total 144384K, used 67124K [0x0000000080000000, 0x0000000100000000)
  region size 1024K, 2 young (2048K), 2 survivors (2048K)
 Metaspace       used 75522K, committed 76160K, reserved 1179648K
  class space    used 10200K, committed 10496K, reserved 1048576K
}
Event: 9.552 GC heap before
{Heap before GC invocations=28 (full 0):
 garbage-first heap   total 144384K, used 114228K [0x0000000080000000, 0x0000000100000000)
  region size 1024K, 48 young (49152K), 2 survivors (2048K)
 Metaspace       used 78977K, committed 79552K, reserved 1179648K
  class space    used 10868K, committed 11136K, reserved 1048576K
}
Event: 9.555 GC heap after
{Heap after GC invocations=29 (full 0):
 garbage-first heap   total 144384K, used 68373K [0x0000000080000000, 0x0000000100000000)
  region size 1024K, 3 young (3072K), 3 survivors (3072K)
 Metaspace       used 78977K, committed 79552K, reserved 1179648K
  class space    used 10868K, committed 11136K, reserved 1048576K
}
Event: 10.193 GC heap before
{Heap before GC invocations=30 (full 0):
 garbage-first heap   total 144384K, used 115477K [0x0000000080000000, 0x0000000100000000)
  region size 1024K, 49 young (50176K), 3 survivors (3072K)
 Metaspace       used 82596K, committed 83200K, reserved 1179648K
  class space    used 11398K, committed 11712K, reserved 1048576K
}
Event: 10.198 GC heap after
{Heap after GC invocations=31 (full 0):
 garbage-first heap   total 144384K, used 71028K [0x0000000080000000, 0x0000000100000000)
  region size 1024K, 6 young (6144K), 6 survivors (6144K)
 Metaspace       used 82596K, committed 83200K, reserved 1179648K
  class space    used 11398K, committed 11712K, reserved 1048576K
}
Event: 10.810 GC heap before
{Heap before GC invocations=31 (full 0):
 garbage-first heap   total 144384K, used 117108K [0x0000000080000000, 0x0000000100000000)
  region size 1024K, 51 young (52224K), 6 survivors (6144K)
 Metaspace       used 86991K, committed 87616K, reserved 1179648K
  class space    used 12041K, committed 12352K, reserved 1048576K
}
Event: 10.816 GC heap after
{Heap after GC invocations=32 (full 0):
 garbage-first heap   total 144384K, used 73224K [0x0000000080000000, 0x0000000100000000)
  region size 1024K, 5 young (5120K), 5 survivors (5120K)
 Metaspace       used 86991K, committed 87616K, reserved 1179648K
  class space    used 12041K, committed 12352K, reserved 1048576K
}
Event: 11.482 GC heap before
{Heap before GC invocations=33 (full 0):
 garbage-first heap   total 144384K, used 118280K [0x0000000080000000, 0x0000000100000000)
  region size 1024K, 49 young (50176K), 5 survivors (5120K)
 Metaspace       used 90380K, committed 91008K, reserved 1179648K
  class space    used 12604K, committed 12928K, reserved 1048576K
}
Event: 11.489 GC heap after
{Heap after GC invocations=34 (full 0):
 garbage-first heap   total 144384K, used 76875K [0x0000000080000000, 0x0000000100000000)
  region size 1024K, 6 young (6144K), 6 survivors (6144K)
 Metaspace       used 90380K, committed 91008K, reserved 1179648K
  class space    used 12604K, committed 12928K, reserved 1048576K
}
Event: 11.939 GC heap before
{Heap before GC invocations=34 (full 0):
 garbage-first heap   total 144384K, used 117835K [0x0000000080000000, 0x0000000100000000)
  region size 1024K, 47 young (48128K), 6 survivors (6144K)
 Metaspace       used 90893K, committed 91584K, reserved 1179648K
  class space    used 12650K, committed 12992K, reserved 1048576K
}
Event: 11.945 GC heap after
{Heap after GC invocations=35 (full 0):
 garbage-first heap   total 144384K, used 79713K [0x0000000080000000, 0x0000000100000000)
  region size 1024K, 3 young (3072K), 3 survivors (3072K)
 Metaspace       used 90893K, committed 91584K, reserved 1179648K
  class space    used 12650K, committed 12992K, reserved 1048576K
}
Event: 12.374 GC heap before
{Heap before GC invocations=36 (full 0):
 garbage-first heap   total 144384K, used 118625K [0x0000000080000000, 0x0000000100000000)
  region size 1024K, 42 young (43008K), 3 survivors (3072K)
 Metaspace       used 91608K, committed 92352K, reserved 1179648K
  class space    used 12723K, committed 13056K, reserved 1048576K
}
Event: 12.381 GC heap after
{Heap after GC invocations=37 (full 0):
 garbage-first heap   total 144384K, used 81843K [0x0000000080000000, 0x0000000100000000)
  region size 1024K, 6 young (6144K), 6 survivors (6144K)
 Metaspace       used 91608K, committed 92352K, reserved 1179648K
  class space    used 12723K, committed 13056K, reserved 1048576K
}
Event: 12.629 GC heap before
{Heap before GC invocations=37 (full 0):
 garbage-first heap   total 144384K, used 118707K [0x0000000080000000, 0x0000000100000000)
  region size 1024K, 43 young (44032K), 6 survivors (6144K)
 Metaspace       used 91778K, committed 92480K, reserved 1179648K
  class space    used 12733K, committed 13056K, reserved 1048576K
}
Event: 12.635 GC heap after
{Heap after GC invocations=38 (full 0):
 garbage-first heap   total 144384K, used 83611K [0x0000000080000000, 0x0000000100000000)
  region size 1024K, 5 young (5120K), 5 survivors (5120K)
 Metaspace       used 91778K, committed 92480K, reserved 1179648K
  class space    used 12733K, committed 13056K, reserved 1048576K
}
Event: 12.903 GC heap before
{Heap before GC invocations=39 (full 0):
 garbage-first heap   total 152576K, used 101019K [0x0000000080000000, 0x0000000100000000)
  region size 1024K, 24 young (24576K), 5 survivors (5120K)
 Metaspace       used 92318K, committed 92992K, reserved 1179648K
  class space    used 12807K, committed 13120K, reserved 1048576K
}
Event: 12.908 GC heap after
{Heap after GC invocations=40 (full 0):
 garbage-first heap   total 152576K, used 85543K [0x0000000080000000, 0x0000000100000000)
  region size 1024K, 4 young (4096K), 4 survivors (4096K)
 Metaspace       used 92318K, committed 92992K, reserved 1179648K
  class space    used 12807K, committed 13120K, reserved 1048576K
}

